<?xml version="1.0" encoding="UTF-8"?>
<!-- Generated by org.testng.reporters.JUnitReportReporter -->
<testsuite hostname="ElizabethsAir2" failures="0" tests="1" name="automateYahoo.automateYahooTest" time="8.498" errors="0" timestamp="2022-09-06T15:00:33 PDT" skipped="0">
  <testcase classname="automateYahoo.automateYahooTest" name="test" time="8.498"/>
  <system-out/>
</testsuite> <!-- automateYahoo.automateYahooTest -->
