<?xml version="1.0" encoding="UTF-8"?>
<!-- Generated by org.testng.reporters.JUnitReportReporter -->
<testsuite hostname="ElizabethsAir2.lan1" failures="0" tests="3" name="myExtentReport.ExtentReportsClass" time="22.843" errors="0" timestamp="2022-09-07T09:28:19 PDT" skipped="0">
  <testcase classname="myExtentReport.ExtentReportsClass" name="verifyAccountSubmission" time="7.075"/>
  <system-out/>
  <testcase classname="myExtentReport.ExtentReportsClass" name="verifyTitle" time="11.424"/>
  <system-out/>
  <testcase classname="myExtentReport.ExtentReportsClass" name="verifyURL" time="4.344"/>
  <system-out/>
</testsuite> <!-- myExtentReport.ExtentReportsClass -->
