<?xml version="1.0" encoding="UTF-8"?>
<!-- Generated by org.testng.reporters.JUnitReportReporter -->
<testsuite hostname="ElizabethsAir2.lan1" failures="0" tests="1" name="automateYahoo.automateYahooTest" time="3.139" errors="0" timestamp="2022-09-07T09:29:47 PDT" skipped="0">
  <testcase classname="automateYahoo.automateYahooTest" name="test" time="3.139"/>
  <system-out/>
</testsuite> <!-- automateYahoo.automateYahooTest -->
